<?xml version="1.0" encoding="UTF-8"?>
<testsuite name="org.example.AvionPrivadoTest" tests="4" skipped="0" failures="0" errors="0" timestamp="2024-07-30T19:13:01" hostname="DESKTOP-V9V9Q8F" time="0.004">
  <properties/>
  <testcase name="volarRetornaCombustibleNecesarioCorrecto()" classname="org.example.AvionPrivadoTest" time="0.001"/>
  <testcase name="volarRetornaConsumoSinDistancia()" classname="org.example.AvionPrivadoTest" time="0.0"/>
  <testcase name="getConsumoCombustibleRetornaValorCorrecto()" classname="org.example.AvionPrivadoTest" time="0.0"/>
  <testcase name="getCapacidadCombustibleRetornaValorCorrecto()" classname="org.example.AvionPrivadoTest" time="0.0"/>
  <system-out><![CDATA[]]></system-out>
  <system-err><![CDATA[]]></system-err>
</testsuite>
