<?xml version="1.0" encoding="UTF-8"?>
<testsuite name="org.example.CalculadorCombustibleTest" tests="3" skipped="0" failures="0" errors="0" timestamp="2024-07-30T19:13:01" hostname="DESKTOP-V9V9Q8F" time="0.523">
  <properties/>
  <testcase name="getInstanceRetornaMismaInstancia()" classname="org.example.CalculadorCombustibleTest" time="0.002"/>
  <testcase name="calcularCombustibleReturnaValorCorrectoAvionPrivado()" classname="org.example.CalculadorCombustibleTest" time="0.517"/>
  <testcase name="calcularCombustibleReturnaValorCorrectoAvionComercial()" classname="org.example.CalculadorCombustibleTest" time="0.001"/>
  <system-out><![CDATA[]]></system-out>
  <system-err><![CDATA[]]></system-err>
</testsuite>
